<?xml version="1.0" encoding="UTF-8"?>
<!-- Generated by org.testng.reporters.JUnitXMLReporter -->
<testsuite ignored="0" hostname="LAPTOP-51OA9HN2" failures="0" tests="8" name="GoRest Tests" time="29.167" errors="0" timestamp="2025-12-26T16:40:29 IST">
  <testcase classname="com.gorest.api.tests.UserCRUDExcelTest" name="userCRUDFlow" time="7.749"/>
  <testcase classname="com.gorest.api.tests.UserCRUDExcelTest" name="userCRUDFlow" time="5.63"/>
  <testcase classname="com.gorest.api.tests.UserCRUDExcelTest" name="userCRUDFlow" time="8.597"/>
  <testcase classname="com.gorest.api.tests.UserTest" name="testCreateUser" time="1.162"/>
  <testcase classname="com.gorest.api.tests.UserTest" name="testGetUser" time="1.304"/>
  <testcase classname="com.gorest.api.tests.UserTest" name="testUpdateUser" time="1.223"/>
  <testcase classname="com.gorest.api.tests.UserTest" name="testDeleteUser" time="1.01"/>
  <testcase classname="com.gorest.api.tests.UserTest" name="testGetDeletedUser" time="1.019"/>
</testsuite> <!-- GoRest Tests -->
