<?xml version="1.0" encoding="UTF-8"?>
<testng-results ignored="0" total="8" passed="8" failed="0" skipped="0">
  <reporter-output>
  </reporter-output>
  <suite started-at="2025-12-26T16:39:59 IST" name="GoRest API Automation Suite" finished-at="2025-12-26T16:40:29 IST" duration-ms="29167">
    <groups>
    </groups>
    <test started-at="2025-12-26T16:39:59 IST" name="GoRest Tests" finished-at="2025-12-26T16:40:29 IST" duration-ms="29167">
      <class name="com.gorest.api.tests.UserTest">
        <test-method is-config="true" signature="setUp()[pri:0, instance:com.gorest.api.tests.UserTest@2af004b]" started-at="2025-12-26T16:40:23 IST" name="setUp" finished-at="2025-12-26T16:40:23 IST" duration-ms="1" status="PASS">
          <reporter-output>
          </reporter-output>
        </test-method> <!-- setUp -->
        <test-method signature="testCreateUser()[pri:1, instance:com.gorest.api.tests.UserTest@2af004b]" started-at="2025-12-26T16:40:23 IST" name="testCreateUser" finished-at="2025-12-26T16:40:24 IST" duration-ms="1162" status="PASS">
          <reporter-output>
          </reporter-output>
        </test-method> <!-- testCreateUser -->
        <test-method is-config="true" signature="setUp()[pri:0, instance:com.gorest.api.tests.UserTest@2af004b]" started-at="2025-12-26T16:40:24 IST" name="setUp" finished-at="2025-12-26T16:40:24 IST" duration-ms="1" status="PASS">
          <reporter-output>
          </reporter-output>
        </test-method> <!-- setUp -->
        <test-method signature="testGetUser()[pri:2, instance:com.gorest.api.tests.UserTest@2af004b]" started-at="2025-12-26T16:40:24 IST" name="testGetUser" finished-at="2025-12-26T16:40:25 IST" duration-ms="1304" status="PASS">
          <reporter-output>
          </reporter-output>
        </test-method> <!-- testGetUser -->
        <test-method is-config="true" signature="setUp()[pri:0, instance:com.gorest.api.tests.UserTest@2af004b]" started-at="2025-12-26T16:40:25 IST" name="setUp" finished-at="2025-12-26T16:40:25 IST" duration-ms="1" status="PASS">
          <reporter-output>
          </reporter-output>
        </test-method> <!-- setUp -->
        <test-method signature="testUpdateUser()[pri:3, instance:com.gorest.api.tests.UserTest@2af004b]" started-at="2025-12-26T16:40:25 IST" name="testUpdateUser" finished-at="2025-12-26T16:40:27 IST" duration-ms="1223" status="PASS">
          <reporter-output>
          </reporter-output>
        </test-method> <!-- testUpdateUser -->
        <test-method is-config="true" signature="setUp()[pri:0, instance:com.gorest.api.tests.UserTest@2af004b]" started-at="2025-12-26T16:40:27 IST" name="setUp" finished-at="2025-12-26T16:40:27 IST" duration-ms="1" status="PASS">
          <reporter-output>
          </reporter-output>
        </test-method> <!-- setUp -->
        <test-method signature="testDeleteUser()[pri:4, instance:com.gorest.api.tests.UserTest@2af004b]" started-at="2025-12-26T16:40:27 IST" name="testDeleteUser" finished-at="2025-12-26T16:40:28 IST" duration-ms="1010" status="PASS">
          <reporter-output>
          </reporter-output>
        </test-method> <!-- testDeleteUser -->
        <test-method is-config="true" signature="setUp()[pri:0, instance:com.gorest.api.tests.UserTest@2af004b]" started-at="2025-12-26T16:40:28 IST" name="setUp" finished-at="2025-12-26T16:40:28 IST" duration-ms="1" status="PASS">
          <reporter-output>
          </reporter-output>
        </test-method> <!-- setUp -->
        <test-method signature="testGetDeletedUser()[pri:5, instance:com.gorest.api.tests.UserTest@2af004b]" started-at="2025-12-26T16:40:28 IST" name="testGetDeletedUser" finished-at="2025-12-26T16:40:29 IST" duration-ms="1019" status="PASS">
          <reporter-output>
          </reporter-output>
        </test-method> <!-- testGetDeletedUser -->
      </class> <!-- com.gorest.api.tests.UserTest -->
      <class name="com.gorest.api.tests.UserCRUDExcelTest">
        <test-method is-config="true" signature="setUp()[pri:0, instance:com.gorest.api.tests.UserCRUDExcelTest@1c7696c6]" started-at="2025-12-26T16:40:01 IST" name="setUp" finished-at="2025-12-26T16:40:01 IST" duration-ms="347" status="PASS">
          <reporter-output>
          </reporter-output>
        </test-method> <!-- setUp -->
        <test-method signature="userCRUDFlow(java.lang.String,java.lang.String)[pri:0, instance:com.gorest.api.tests.UserCRUDExcelTest@1c7696c6]" started-at="2025-12-26T16:40:01 IST" name="userCRUDFlow" data-provider="excelUserData" finished-at="2025-12-26T16:40:09 IST" duration-ms="7749" status="PASS">
          <params>
            <param index="0">
              <value>
                <![CDATA[active]]>
              </value>
            </param>
            <param index="1">
              <value>
                <![CDATA[female]]>
              </value>
            </param>
          </params>
          <reporter-output>
          </reporter-output>
        </test-method> <!-- userCRUDFlow -->
        <test-method is-config="true" signature="setUp()[pri:0, instance:com.gorest.api.tests.UserCRUDExcelTest@1c7696c6]" started-at="2025-12-26T16:40:09 IST" name="setUp" finished-at="2025-12-26T16:40:09 IST" duration-ms="1" status="PASS">
          <reporter-output>
          </reporter-output>
        </test-method> <!-- setUp -->
        <test-method signature="userCRUDFlow(java.lang.String,java.lang.String)[pri:0, instance:com.gorest.api.tests.UserCRUDExcelTest@1c7696c6]" started-at="2025-12-26T16:40:09 IST" name="userCRUDFlow" data-provider="excelUserData" finished-at="2025-12-26T16:40:14 IST" duration-ms="5630" status="PASS">
          <params>
            <param index="0">
              <value>
                <![CDATA[active]]>
              </value>
            </param>
            <param index="1">
              <value>
                <![CDATA[male]]>
              </value>
            </param>
          </params>
          <reporter-output>
          </reporter-output>
        </test-method> <!-- userCRUDFlow -->
        <test-method is-config="true" signature="setUp()[pri:0, instance:com.gorest.api.tests.UserCRUDExcelTest@1c7696c6]" started-at="2025-12-26T16:40:14 IST" name="setUp" finished-at="2025-12-26T16:40:14 IST" duration-ms="1" status="PASS">
          <reporter-output>
          </reporter-output>
        </test-method> <!-- setUp -->
        <test-method signature="userCRUDFlow(java.lang.String,java.lang.String)[pri:0, instance:com.gorest.api.tests.UserCRUDExcelTest@1c7696c6]" started-at="2025-12-26T16:40:14 IST" name="userCRUDFlow" data-provider="excelUserData" finished-at="2025-12-26T16:40:23 IST" duration-ms="8597" status="PASS">
          <params>
            <param index="0">
              <value>
                <![CDATA[inactive]]>
              </value>
            </param>
            <param index="1">
              <value>
                <![CDATA[female]]>
              </value>
            </param>
          </params>
          <reporter-output>
          </reporter-output>
        </test-method> <!-- userCRUDFlow -->
      </class> <!-- com.gorest.api.tests.UserCRUDExcelTest -->
    </test> <!-- GoRest Tests -->
  </suite> <!-- GoRest API Automation Suite -->
</testng-results>
