<?xml version="1.0" encoding="UTF-8"?>
<testsuite xmlns:xsi="http://www.w3.org/2001/XMLSchema-instance" xsi:noNamespaceSchemaLocation="https://maven.apache.org/surefire/maven-surefire-plugin/xsd/surefire-test-report-3.0.xsd" version="3.0" name="TestSuite" time="30.225" tests="8" errors="0" skipped="0" failures="0">
  <properties>
[...]
</properties>
  <testcase name="userCRUDFlow[active, female](1)" classname="com.gorest.api.tests.UserCRUDExcelTest" time="7.751">
    <system-out><![CDATA[16:40:01 [main] INFO  com.gorest.api.endpoints.UserEndpoint - Using token: Bearer 027****
16:40:01 [main] INFO  com.gorest.api.endpoints.UserEndpoint - Creating user with email: louella.aufderhar@yahoo.com
16:40:04 [main] INFO  com.gorest.api.endpoints.UserEndpoint - Create User Response Status: 201
16:40:04 [main] INFO  com.gorest.api.endpoints.UserEndpoint - Using token: Bearer 027****
16:40:04 [main] INFO  com.gorest.api.endpoints.UserEndpoint - Fetching user with ID: 8310632
16:40:05 [main] INFO  com.gorest.api.endpoints.UserEndpoint - Get User Response Status: 200
16:40:05 [main] INFO  com.gorest.api.endpoints.UserEndpoint - Using token: Bearer 027****
16:40:05 [main] INFO  com.gorest.api.endpoints.UserEndpoint - Updating user with email: tamra.welch@gmail.com
16:40:06 [main] INFO  com.gorest.api.endpoints.UserEndpoint - Update User Response Status: 200
16:40:06 [main] INFO  com.gorest.api.endpoints.UserEndpoint - Using token: Bearer 027****
16:40:06 [main] INFO  com.gorest.api.endpoints.UserEndpoint - Deleting user with ID: 8310632
16:40:08 [main] INFO  com.gorest.api.endpoints.UserEndpoint - Delete User Response Status: 204
16:40:08 [main] INFO  com.gorest.api.endpoints.UserEndpoint - Using token: Bearer 027****
16:40:08 [main] INFO  com.gorest.api.endpoints.UserEndpoint - Fetching user with ID: 8310632
16:40:09 [main] INFO  com.gorest.api.endpoints.UserEndpoint - Get User Response Status: 404
]]></system-out>
    <system-err><![CDATA[[main] WARN org.testng.xml.TestNGContentHandler - It is strongly recommended to add "<!DOCTYPE suite SYSTEM "https://testng.org/testng-1.1.dtd" >" at the top of the suite file [D:\RESTASSUREDWORKSPACE\testng.xml] otherwise TestNG may fail or not work as expected.
]]></system-err>
  </testcase>
  <testcase name="userCRUDFlow[active, male](2)" classname="com.gorest.api.tests.UserCRUDExcelTest" time="5.615">
    <system-out><![CDATA[16:40:09 [main] INFO  com.gorest.api.endpoints.UserEndpoint - Using token: Bearer 027****
16:40:09 [main] INFO  com.gorest.api.endpoints.UserEndpoint - Creating user with email: winston.crooks@gmail.com
16:40:10 [main] INFO  com.gorest.api.endpoints.UserEndpoint - Create User Response Status: 201
16:40:10 [main] INFO  com.gorest.api.endpoints.UserEndpoint - Using token: Bearer 027****
16:40:10 [main] INFO  com.gorest.api.endpoints.UserEndpoint - Fetching user with ID: 8310634
16:40:11 [main] INFO  com.gorest.api.endpoints.UserEndpoint - Get User Response Status: 200
16:40:11 [main] INFO  com.gorest.api.endpoints.UserEndpoint - Using token: Bearer 027****
16:40:11 [main] INFO  com.gorest.api.endpoints.UserEndpoint - Updating user with email: janice.bartoletti@yahoo.com
16:40:12 [main] INFO  com.gorest.api.endpoints.UserEndpoint - Update User Response Status: 200
16:40:12 [main] INFO  com.gorest.api.endpoints.UserEndpoint - Using token: Bearer 027****
16:40:12 [main] INFO  com.gorest.api.endpoints.UserEndpoint - Deleting user with ID: 8310634
16:40:13 [main] INFO  com.gorest.api.endpoints.UserEndpoint - Delete User Response Status: 204
16:40:13 [main] INFO  com.gorest.api.endpoints.UserEndpoint - Using token: Bearer 027****
16:40:13 [main] INFO  com.gorest.api.endpoints.UserEndpoint - Fetching user with ID: 8310634
16:40:14 [main] INFO  com.gorest.api.endpoints.UserEndpoint - Get User Response Status: 404
]]></system-out>
  </testcase>
  <testcase name="userCRUDFlow[inactive, female](3)" classname="com.gorest.api.tests.UserCRUDExcelTest" time="8.598">
    <system-out><![CDATA[16:40:14 [main] INFO  com.gorest.api.endpoints.UserEndpoint - Using token: Bearer 027****
16:40:14 [main] INFO  com.gorest.api.endpoints.UserEndpoint - Creating user with email: raphael.wilkinson@hotmail.com
16:40:17 [main] INFO  com.gorest.api.endpoints.UserEndpoint - Create User Response Status: 201
16:40:17 [main] INFO  com.gorest.api.endpoints.UserEndpoint - Using token: Bearer 027****
16:40:17 [main] INFO  com.gorest.api.endpoints.UserEndpoint - Fetching user with ID: 8310635
16:40:18 [main] INFO  com.gorest.api.endpoints.UserEndpoint - Get User Response Status: 200
16:40:18 [main] INFO  com.gorest.api.endpoints.UserEndpoint - Using token: Bearer 027****
16:40:18 [main] INFO  com.gorest.api.endpoints.UserEndpoint - Updating user with email: hortense.cronin@yahoo.com
16:40:20 [main] INFO  com.gorest.api.endpoints.UserEndpoint - Update User Response Status: 200
16:40:20 [main] INFO  com.gorest.api.endpoints.UserEndpoint - Using token: Bearer 027****
16:40:20 [main] INFO  com.gorest.api.endpoints.UserEndpoint - Deleting user with ID: 8310635
16:40:22 [main] INFO  com.gorest.api.endpoints.UserEndpoint - Delete User Response Status: 204
16:40:22 [main] INFO  com.gorest.api.endpoints.UserEndpoint - Using token: Bearer 027****
16:40:22 [main] INFO  com.gorest.api.endpoints.UserEndpoint - Fetching user with ID: 8310635
16:40:23 [main] INFO  com.gorest.api.endpoints.UserEndpoint - Get User Response Status: 404
]]></system-out>
  </testcase>
  <testcase name="testCreateUser" classname="com.gorest.api.tests.UserTest" time="1.162">
    <system-out><![CDATA[16:40:23 [main] INFO  com.gorest.api.endpoints.UserEndpoint - Using token: Bearer 027****
16:40:23 [main] INFO  com.gorest.api.endpoints.UserEndpoint - Creating user with email: magdalena.goyette@yahoo.com
16:40:24 [main] INFO  com.gorest.api.endpoints.UserEndpoint - Create User Response Status: 201
HTTP/1.1 201 Created
Date: Fri, 26 Dec 2025 11:10:24 GMT
Content-Type: application/json; charset=utf-8
Content-Length: 117
Connection: keep-alive
Cache-Control: max-age=0, private, must-revalidate
etag: W/"0433a032306a66301804cda68721fb93"
feature-policy: camera 'none'; gyroscope 'none'; microphone 'none'; usb 'none'; fullscreen 'self'
location: https://gorest.co.in/public/v2/users/8310636
referrer-policy: strict-origin-when-cross-origin
vary: Origin
x-content-type-options: nosniff
x-download-options: noopen
x-frame-options: SAMEORIGIN
x-permitted-cross-domain-policies: none
x-ratelimit-limit: 90
x-ratelimit-remaining: 89
x-ratelimit-reset: 1
x-request-id: d51efc51-fa4e-465a-91df-91eddd0c05fc
x-runtime: 0.176909
x-xss-protection: 0
Nel: {"report_to":"cf-nel","success_fraction":0.0,"max_age":604800}
cf-cache-status: DYNAMIC
Report-To: {"group":"cf-nel","max_age":604800,"endpoints":[{"url":"https://a.nel.cloudflare.com/report/v4?s=LSY%2B7ZVd9TPSpK9YJudViVm1S2MILMx78SgKS%2F4RhBQqGIOMgvNJLDNdzIZB9EWYJkugPynrkMm1FaV5%2FAW8WyeVm5HU8532%2FfoC1w%3D%3D"}]}
Server: cloudflare
CF-RAY: 9b4021a7af41e219-MRS
alt-svc: h3=":443"; ma=86400

{
    "id": 8310636,
    "name": "Howard Pfannerstill",
    "email": "magdalena.goyette@yahoo.com",
    "gender": "female",
    "status": "active"
}
]]></system-out>
  </testcase>
  <testcase name="testGetUser" classname="com.gorest.api.tests.UserTest" time="1.305">
    <system-out><![CDATA[16:40:24 [main] INFO  com.gorest.api.endpoints.UserEndpoint - Using token: Bearer 027****
16:40:24 [main] INFO  com.gorest.api.endpoints.UserEndpoint - Fetching user with ID: 8310636
16:40:25 [main] INFO  com.gorest.api.endpoints.UserEndpoint - Get User Response Status: 200
HTTP/1.1 200 OK
Date: Fri, 26 Dec 2025 11:10:25 GMT
Content-Type: application/json; charset=utf-8
Transfer-Encoding: chunked
Connection: keep-alive
Cache-Control: max-age=0, private, must-revalidate
etag: W/"0433a032306a66301804cda68721fb93"
feature-policy: camera 'none'; gyroscope 'none'; microphone 'none'; usb 'none'; fullscreen 'self'
referrer-policy: strict-origin-when-cross-origin
vary: Origin
x-content-type-options: nosniff
x-download-options: noopen
x-frame-options: SAMEORIGIN
x-permitted-cross-domain-policies: none
x-ratelimit-limit: 90
x-ratelimit-remaining: 89
x-ratelimit-reset: 1
x-request-id: 0e6764ab-badb-47ff-a90a-e21d7fedd2a0
x-runtime: 0.274325
x-xss-protection: 0
Nel: {"report_to":"cf-nel","success_fraction":0.0,"max_age":604800}
cf-cache-status: DYNAMIC
Report-To: {"group":"cf-nel","max_age":604800,"endpoints":[{"url":"https://a.nel.cloudflare.com/report/v4?s=N%2BYQBAEvL4hucT3%2Bss%2FK6a3KCoEC1DAlivi9B%2FIlD69%2Fi30i4aNRe2DQfBUEh2OhyQoqFXrD7wduwKR%2FaFxKulHaxCgWVRrI4eY%3D"}]}
Content-Encoding: gzip
Server: cloudflare
CF-RAY: 9b4021af5df02cc5-MRS
alt-svc: h3=":443"; ma=86400

{
    "id": 8310636,
    "name": "Howard Pfannerstill",
    "email": "magdalena.goyette@yahoo.com",
    "gender": "female",
    "status": "active"
}
]]></system-out>
  </testcase>
  <testcase name="testUpdateUser" classname="com.gorest.api.tests.UserTest" time="1.226">
    <system-out><![CDATA[16:40:25 [main] INFO  com.gorest.api.endpoints.UserEndpoint - Using token: Bearer 027****
16:40:25 [main] INFO  com.gorest.api.endpoints.UserEndpoint - Updating user with email: danuta.collier@gmail.com
16:40:27 [main] INFO  com.gorest.api.endpoints.UserEndpoint - Update User Response Status: 200
HTTP/1.1 200 OK
Date: Fri, 26 Dec 2025 11:10:26 GMT
Content-Type: application/json; charset=utf-8
Transfer-Encoding: chunked
Connection: keep-alive
Cache-Control: max-age=0, private, must-revalidate
etag: W/"9d0a312e98db2a2dee3cff5414e70df9"
feature-policy: camera 'none'; gyroscope 'none'; microphone 'none'; usb 'none'; fullscreen 'self'
referrer-policy: strict-origin-when-cross-origin
vary: Origin
x-content-type-options: nosniff
x-download-options: noopen
x-frame-options: SAMEORIGIN
x-permitted-cross-domain-policies: none
x-ratelimit-limit: 90
x-ratelimit-remaining: 89
x-ratelimit-reset: 1
x-request-id: 0b96e6d9-7e2c-4a1a-8688-85fa196a1b6b
x-runtime: 0.292318
x-xss-protection: 0
Nel: {"report_to":"cf-nel","success_fraction":0.0,"max_age":604800}
cf-cache-status: DYNAMIC
Report-To: {"group":"cf-nel","max_age":604800,"endpoints":[{"url":"https://a.nel.cloudflare.com/report/v4?s=vGw1yH%2F3Imkc8W9UCWHFW1MmbjbG%2FabXDUy3OawVfdvDdtA1ts1RViHec9ZECRpIj6wS2U234e5SZWGLfpPXvr7JlVmV87h4mwmfyA%3D%3D"}]}
Content-Encoding: gzip
Server: cloudflare
CF-RAY: 9b4021b70c66c08f-MRS
alt-svc: h3=":443"; ma=86400

{
    "email": "danuta.collier@gmail.com",
    "name": "Jerrica Ondricka",
    "gender": "female",
    "status": "active",
    "id": 8310636
}
]]></system-out>
  </testcase>
  <testcase name="testDeleteUser" classname="com.gorest.api.tests.UserTest" time="1.01">
    <system-out><![CDATA[16:40:27 [main] INFO  com.gorest.api.endpoints.UserEndpoint - Using token: Bearer 027****
16:40:27 [main] INFO  com.gorest.api.endpoints.UserEndpoint - Deleting user with ID: 8310636
16:40:28 [main] INFO  com.gorest.api.endpoints.UserEndpoint - Delete User Response Status: 204
HTTP/1.1 204 No Content
Date: Fri, 26 Dec 2025 11:10:28 GMT
Connection: keep-alive
Cache-Control: no-cache
feature-policy: camera 'none'; gyroscope 'none'; microphone 'none'; usb 'none'; fullscreen 'self'
referrer-policy: strict-origin-when-cross-origin
vary: Origin
x-content-type-options: nosniff
x-download-options: noopen
x-frame-options: SAMEORIGIN
x-permitted-cross-domain-policies: none
x-ratelimit-limit: 90
x-ratelimit-remaining: 89
x-ratelimit-reset: 1
x-request-id: b098d234-c5c4-46ad-a1a9-7bf17cd0f80a
x-runtime: 0.146171
x-xss-protection: 0
cf-cache-status: DYNAMIC
Nel: {"report_to":"cf-nel","success_fraction":0.0,"max_age":604800}
Report-To: {"group":"cf-nel","max_age":604800,"endpoints":[{"url":"https://a.nel.cloudflare.com/report/v4?s=IyDhbuMmcpeVWp6vx1NFgpukKjIeY%2BnOokD4kPTxIyhI12NjksuIk3pmiUES%2FT3u9FPDJFum1FRo6eWecO%2B0qsNaRj9a%2FKuzgwU%3D"}]}
Server: cloudflare
CF-RAY: 9b4021bebb953433-MRS
alt-svc: h3=":443"; ma=86400
]]></system-out>
  </testcase>
  <testcase name="testGetDeletedUser" classname="com.gorest.api.tests.UserTest" time="1.02">
    <system-out><![CDATA[16:40:28 [main] INFO  com.gorest.api.endpoints.UserEndpoint - Using token: Bearer 027****
16:40:28 [main] INFO  com.gorest.api.endpoints.UserEndpoint - Fetching user with ID: 8310636
16:40:29 [main] INFO  com.gorest.api.endpoints.UserEndpoint - Get User Response Status: 404
HTTP/1.1 404 Not Found
Date: Fri, 26 Dec 2025 11:10:29 GMT
Content-Type: application/json; charset=utf-8
Transfer-Encoding: chunked
Connection: keep-alive
Cache-Control: no-cache
feature-policy: camera 'none'; gyroscope 'none'; microphone 'none'; usb 'none'; fullscreen 'self'
referrer-policy: strict-origin-when-cross-origin
vary: Origin
x-content-type-options: nosniff
x-download-options: noopen
x-frame-options: SAMEORIGIN
x-permitted-cross-domain-policies: none
x-ratelimit-limit: 90
x-ratelimit-remaining: 89
x-ratelimit-reset: 1
x-request-id: aee4aa8f-0ab6-4d9b-aed0-f227355b7ecc
x-runtime: 0.070798
x-xss-protection: 0
Nel: {"report_to":"cf-nel","success_fraction":0.0,"max_age":604800}
cf-cache-status: DYNAMIC
Report-To: {"group":"cf-nel","max_age":604800,"endpoints":[{"url":"https://a.nel.cloudflare.com/report/v4?s=YB3tm9MS5Jl%2FRduIa4FG%2BHlg81T2di1kaNdxTpwKVN8pIjV7e6%2FveDNv34hnNyvK1GdzdAwpsPUv0VdMkR7FbAgUX0fcdRFV8ZGtYw%3D%3D"}]}
Content-Encoding: gzip
Server: cloudflare
CF-RAY: 9b4021c52d5e34b8-MRS
alt-svc: h3=":443"; ma=86400

{
    "message": "Resource not found"
}
]]></system-out>
  </testcase>
</testsuite>