<?xml version="1.0" encoding="UTF-8"?>
<!-- Generated by org.testng.reporters.JUnitReportReporter -->
<testsuite hostname="LAPTOP-51OA9HN2" failures="0" tests="5" name="com.gorest.api.tests.UserTest" time="5.723" errors="0" timestamp="2025-12-26T16:40:29 IST" skipped="0">
  <testcase classname="com.gorest.api.tests.UserTest" name="testCreateUser" time="1.163"/>
  <testcase classname="com.gorest.api.tests.UserTest" name="testGetUser" time="1.305"/>
  <testcase classname="com.gorest.api.tests.UserTest" name="testUpdateUser" time="1.224"/>
  <testcase classname="com.gorest.api.tests.UserTest" name="testDeleteUser" time="1.011"/>
  <testcase classname="com.gorest.api.tests.UserTest" name="testGetDeletedUser" time="1.020"/>
</testsuite> <!-- com.gorest.api.tests.UserTest -->
