<?xml version="1.0" encoding="UTF-8"?>
<!-- Generated by org.testng.reporters.JUnitReportReporter -->
<testsuite hostname="LAPTOP-51OA9HN2" failures="0" tests="3" name="com.gorest.api.tests.UserCRUDExcelTest" time="22.325" errors="0" timestamp="2025-12-26T16:40:29 IST" skipped="0">
  <testcase classname="com.gorest.api.tests.UserCRUDExcelTest" name="userCRUDFlow" time="5.977"/>
  <testcase classname="com.gorest.api.tests.UserCRUDExcelTest" name="userCRUDFlow" time="8.598"/>
  <testcase classname="com.gorest.api.tests.UserCRUDExcelTest" name="userCRUDFlow" time="7.750"/>
</testsuite> <!-- com.gorest.api.tests.UserCRUDExcelTest -->
